[2026-01-06 09:58:08] [INFO] → Incoming → POST /api/v1/auth/update-profile
[2026-01-06 10:11:02] [INFO] → Incoming → POST /api/v1/auth/update-profile
[2026-01-06 10:11:02] [ERROR] → Error → POST /api/v1/auth/update-profile | Message: type and identity are required
[2026-01-06 10:11:17] [INFO] → Incoming → POST /api/v1/auth/update-profile
[2026-01-06 10:13:08] [INFO] → Incoming → GET /api/v1/users/76b9acce-04a3-49da-8136-e3a34dc0ca75
[2026-01-06 10:13:08] [ERROR] → Error → GET /api/v1/users/76b9acce-04a3-49da-8136-e3a34dc0ca75 | Message: Invalid or expired token
[2026-01-06 10:15:08] [INFO] → Incoming → POST /api/v1/auth/update-profile
[2026-01-06 10:17:23] [INFO] → Incoming → POST /api/v1/auth/update-profile
[2026-01-06 10:17:23] [ERROR] → Error → POST /api/v1/auth/update-profile | Message: 
Invalid `tx.user.update()` invocation in
D:\Siva\Backend-AllCollegeEvent-Version-1\dist\services\auth.service.js:486:32

  483 return prisma.$transaction(async (tx) => {
  484     /* ================= USER PROFILE ================= */
  485     if (type === "user") {
→ 486         return tx.user.update(
An operation failed because it depends on one or more records that were required but not found. Record to update not found.
[2026-01-06 10:18:13] [INFO] → Incoming → POST /api/v1/auth/update-profile
[2026-01-06 10:18:36] [INFO] → Incoming → POST /api/v1/auth/update-profile
[2026-01-06 10:19:23] [INFO] → Incoming → POST /api/v1/auth/update-profile
[2026-01-06 10:20:15] [INFO] → Incoming → POST /api/v1/auth/update-profile
[2026-01-06 17:02:39] [INFO] → Incoming → POST /api/v1/auth/google-login
[2026-01-06 17:04:30] [INFO] → Incoming → POST /api/v1/auth/google-login
[2026-01-06 17:29:55] [INFO] → Incoming → POST /api/v1/auth/google-login
[2026-01-06 17:31:10] [INFO] → Incoming → POST /api/v1/auth/google-login
[2026-01-06 17:33:03] [INFO] → Incoming → POST /api/v1/auth/google-login
[2026-01-06 17:33:59] [INFO] → Incoming → POST /api/v1/auth/google-login
[2026-01-06 17:43:09] [INFO] → Incoming → POST /api/v1/auth/google-login
[2026-01-06 17:54:32] [INFO] → Incoming → POST /api/v1/auth/google-login
[2026-01-06 18:03:09] [INFO] → Incoming → POST /api/v1/auth/google-login
[2026-01-06 18:07:50] [INFO] → Incoming → POST /api/v1/auth/google-login
[2026-01-06 18:10:32] [INFO] → Incoming → POST /api/v1/auth/google-login
[2026-01-06 18:30:08] [INFO] → Incoming → POST /api/v1/auth/google-login
[2026-01-06 18:48:52] [INFO] → Incoming → GET /api/v1/organizations/6a1532e8-eb89-4927-8b12-0d14fbfeab12
[2026-01-06 18:48:52] [ERROR] → Error → GET /api/v1/organizations/6a1532e8-eb89-4927-8b12-0d14fbfeab12 | Message: Invalid or expired token
[2026-01-06 18:49:09] [INFO] → Incoming → POST /api/v1/auth/login
[2026-01-06 18:49:31] [INFO] → Incoming → GET /api/v1/organizations/6a1532e8-eb89-4927-8b12-0d14fbfeab12
[2026-01-06 18:50:01] [INFO] → Incoming → GET /api/v1/organizations/35a6560f-503d-4039-8558-ddf82071898a
