[2025-12-12 10:09:03] [INFO] → Incoming → GET /api/v1/f26efaa0-f447-4468-b0b9-83b660806723/events
[2025-12-12 10:10:12] [INFO] → Incoming → GET /api/v1/organization/f26efaa0-f447-4468-b0b9-83b660806723/events
[2025-12-12 10:10:35] [INFO] → Incoming → GET /api/v1/organization/f26efaa0-f447-4468-b0b9-83b660806723/events
[2025-12-12 10:15:28] [INFO] → Incoming → GET /api/v1/organization/f26efaa0-f447-4468-b0b9-83b660806723/events
[2025-12-12 10:23:44] [INFO] → Incoming → POST /api/v1/admin/user
[2025-12-12 10:23:53] [INFO] → Incoming → POST /api/v1/admin/user
[2025-12-12 10:33:35] [INFO] → Incoming → GET /api/v1/admin/users/0d276bb8-ed33-4870-9c3b-00dcdd0ec5cc
[2025-12-12 10:34:43] [INFO] → Incoming → GET /api/v1/admin/users/0d276bb8-ed33-4870-9c3b-00dcdd0ec5cc
[2025-12-12 10:37:38] [INFO] → Incoming → GET /api/v1/admin/users/0d276bb8-ed33-4870-9c3b-00dcdd0ec5cc
[2025-12-12 10:41:25] [INFO] → Incoming → GET /api/v1/admin/users/0d276bb8-ed33-4870-9c3b-00dcdd0ec5cc
[2025-12-12 10:43:30] [INFO] → Incoming → POST /api/v1/admin/user
[2025-12-12 10:45:02] [INFO] → Incoming → GET /api/v1/admin/users/0310137d-c49a-4ab2-ac8e-e510ec1364dd
[2025-12-12 10:47:00] [INFO] → Incoming → GET /api/v1/admin/users
[2025-12-12 10:52:31] [INFO] → Incoming → GET /api/v1/admin/user/0310137d-c49a-4ab2-ac8e-e510ec1364dd
[2025-12-12 10:52:37] [INFO] → Incoming → PUT /api/v1/admin/user/0310137d-c49a-4ab2-ac8e-e510ec1364dd
[2025-12-12 10:56:36] [INFO] → Incoming → PUT /api/v1/admin/user/0310137d-c49a-4ab2-ac8e-e510ec1364dd
[2025-12-12 10:58:51] [INFO] → Incoming → DELETE /api/v1/admin/user/0310137d-c49a-4ab2-ac8e-e510ec1364dd
[2025-12-12 10:59:53] [INFO] → Incoming → DELETE /api/v1/admin/user/0310137d-c49a-4ab2-ac8e-e510ec1364dd
[2025-12-12 11:15:06] [INFO] → Incoming → GET /api/v1/admin/organizations
[2025-12-12 11:16:07] [INFO] → Incoming → GET /api/v1/admin/organizations/f26efaa0-f447-4468-b0b9-83b660806723
[2025-12-12 11:24:00] [INFO] → Incoming → POST /api/v1/admin/organizations/f26efaa0-f447-4468-b0b9-83b660806723
[2025-12-12 11:24:09] [INFO] → Incoming → POST /api/v1/admin/organization
[2025-12-12 11:25:49] [INFO] → Incoming → PUT /api/v1/admin/organization/eaed2a3b-92a6-47bf-99ad-75b2ff3bcb9b
[2025-12-12 11:26:05] [INFO] → Incoming → PUT /api/v1/admin/organizations/eaed2a3b-92a6-47bf-99ad-75b2ff3bcb9b
[2025-12-12 11:26:18] [INFO] → Incoming → PUT /api/v1/admin/organizations/eaed2a3b-92a6-47bf-99ad-75b2ff3bcb9b
[2025-12-12 11:27:06] [INFO] → Incoming → DELETE /api/v1/admin/organizations/eaed2a3b-92a6-47bf-99ad-75b2ff3bcb9b
[2025-12-12 15:34:11] [INFO] → Incoming → GET /api/v1/organizations/f26efaa0-f447-4468-b0b9-83b660806723/events
[2025-12-12 15:35:13] [INFO] → Incoming → POST //api/v1/organizations/be7c2a49-4d0f-4624-be0f-1c31210e1d8c/events
[2025-12-12 15:35:56] [INFO] → Incoming → POST //api/v1/organizations/f26efaa0-f447-4468-b0b9-83b660806723/events
[2025-12-12 15:36:01] [INFO] → Incoming → POST /api/v1/organizations/f26efaa0-f447-4468-b0b9-83b660806723/events
[2025-12-12 15:36:07] [INFO] → Incoming → GET /api/v1/organizations/f26efaa0-f447-4468-b0b9-83b660806723/events
[2025-12-12 15:36:14] [INFO] → Incoming → GET /api/v1/organizations/f26efaa0-f447-4468-b0b9-83b660806723/events
[2025-12-12 15:36:44] [INFO] → Incoming → GET /api/v1/organizations/f26efaa0-f447-4468-b0b9-83b660806723/events
[2025-12-12 15:37:31] [INFO] → Incoming → GET /api/v1/organizations/f26efaa0-f447-4468-b0b9-83b660806723/events
[2025-12-12 15:38:20] [INFO] → Incoming → GET /api/v1/organizations/f26efaa0-f447-4468-b0b9-83b660806723/events/80cbd558-9ce8-481a-b988-5c325815618c
[2025-12-12 16:05:06] [INFO] → Incoming → DELETE /api/v1/events
[2025-12-12 16:05:13] [INFO] → Incoming → GET /api/v1/events
[2025-12-12 16:05:50] [INFO] → Incoming → GET /api/v1/events
[2025-12-12 16:06:13] [INFO] → Incoming → GET /api/v1/events
[2025-12-12 16:06:21] [INFO] → Incoming → GET /api/v1/events
[2025-12-12 16:08:31] [INFO] → Incoming → GET /api/v1/events
[2025-12-12 16:28:57] [INFO] → Incoming → GET /api/v1/events
[2025-12-12 16:31:04] [INFO] → Incoming → GET /api/v1/events
[2025-12-12 17:37:29] [INFO] → Incoming → GET /api/v1/organization/f26efaa0-f447-4468-b0b9-83b660806723/events/9d99193b-6e30-4985-b5a6-ca85a22d9de8
[2025-12-12 17:37:59] [INFO] → Incoming → GET /api/v1/organization/f26efaa0-f447-4468-b0b9-83b660806723/events/9d99193b-6e30-4985-b5a6-ca85a22d9de8
[2025-12-12 17:38:05] [INFO] → Incoming → GET /api/v1/organizations/f26efaa0-f447-4468-b0b9-83b660806723/events/9d99193b-6e30-4985-b5a6-ca85a22d9de8
[2025-12-12 17:39:55] [INFO] → Incoming → GET /api/v1/organizations/f26efaa0-f447-4468-b0b9-83b660806723/events/9d99193b-6e30-4985-b5a6-ca85a22d9de8
[2025-12-12 17:40:21] [INFO] → Incoming → GET /api/v1/organizations/f26efaa0-f447-4468-b0b9-83b660806723/events/9d99193b-6e30-4985-b5a6-ca85a22d9de8
[2025-12-12 17:40:33] [INFO] → Incoming → GET /api/v1/organizations/f26efaa0-f447-4468-b0b9-83b660806723/events/9d99193b-6e30-4985-b5a6-ca85a22d9de8
[2025-12-12 17:40:42] [INFO] → Incoming → GET /api/v1/organizations/f26efaa0-f447-4468-b0b9-83b660806723/events
[2025-12-12 17:43:28] [INFO] → Incoming → GET /api/v1/organizations/f26efaa0-f447-4468-b0b9-83b660806723/events/9d99193b-6e30-4985-b5a6-ca85a22d9de8
[2025-12-12 17:43:40] [INFO] → Incoming → GET /api/v1/organizations/f26efaa0-f447-4468-b0b9-83b660806723/events/
